<?xml version="1.0" encoding="UTF-8"?>
<testng-results ignored="0" total="1" passed="1" failed="0" skipped="0">
  <reporter-output>
  </reporter-output>
  <suite started-at="2022-07-06T20:05:51 IST" name="com.firstapp.FirstTest" finished-at="2022-07-06T20:05:55 IST" duration-ms="4662">
    <groups>
    </groups>
    <test started-at="2022-07-06T20:05:51 IST" name="Command line test" finished-at="2022-07-06T20:05:55 IST" duration-ms="4662">
      <class name="com.firstapp.FirstTest">
        <test-method signature="test()[pri:0, instance:com.firstapp.FirstTest@1ce24091]" started-at="2022-07-06T20:05:51 IST" name="test" finished-at="2022-07-06T20:05:55 IST" duration-ms="4628" status="PASS">
          <reporter-output>
          </reporter-output>
        </test-method> <!-- test -->
      </class> <!-- com.firstapp.FirstTest -->
    </test> <!-- Command line test -->
  </suite> <!-- com.firstapp.FirstTest -->
</testng-results>
