<?xml version="1.0" encoding="UTF-8"?>
<testng-results ignored="0" total="1" passed="1" failed="0" skipped="0">
  <reporter-output>
  </reporter-output>
  <suite started-at="2022-07-17T21:53:03 IST" name="Default suite" finished-at="2022-07-17T21:53:21 IST" duration-ms="17849">
    <groups>
    </groups>
    <test started-at="2022-07-17T21:53:03 IST" name="Default test" finished-at="2022-07-17T21:53:21 IST" duration-ms="17849">
      <class name="com.tapmethods.ClockSetTimeUsingTouch">
        <test-method is-config="true" signature="setup()[pri:0, instance:com.tapmethods.ClockSetTimeUsingTouch@2794eab6]" started-at="2022-07-17T21:52:51 IST" name="setup" finished-at="2022-07-17T21:53:03 IST" duration-ms="12124" status="PASS">
          <reporter-output>
          </reporter-output>
        </test-method> <!-- setup -->
        <test-method signature="f()[pri:0, instance:com.tapmethods.ClockSetTimeUsingTouch@2794eab6]" started-at="2022-07-17T21:53:03 IST" name="f" finished-at="2022-07-17T21:53:21 IST" duration-ms="17790" status="PASS">
          <reporter-output>
          </reporter-output>
        </test-method> <!-- f -->
        <test-method is-config="true" signature="tearDown()[pri:0, instance:com.tapmethods.ClockSetTimeUsingTouch@2794eab6]" started-at="2022-07-17T21:53:21 IST" name="tearDown" finished-at="2022-07-17T21:53:22 IST" duration-ms="415" status="PASS">
          <reporter-output>
          </reporter-output>
        </test-method> <!-- tearDown -->
      </class> <!-- com.tapmethods.ClockSetTimeUsingTouch -->
    </test> <!-- Default test -->
  </suite> <!-- Default suite -->
</testng-results>
